{"/mnt/d/projetos/jest-swc-typescript/src/desabilitar-btn-cancelar-refac.ts": {"path":"/mnt/d/projetos/jest-swc-typescript/src/desabilitar-btn-cancelar-refac.ts","statementMap":{"0":{"start":{"line":1,"column":16},"end":{"line":1,"column":38}},"1":{"start":{"line":2,"column":2},"end":{"line":2,"column":null}},"2":{"start":{"line":6,"column":2},"end":{"line":6,"column":null}},"3":{"start":{"line":10,"column":2},"end":{"line":10,"column":null}},"4":{"start":{"line":10,"column":48},"end":{"line":10,"column":92}},"5":{"start":{"line":14,"column":2},"end":{"line":14,"column":null}}},"fnMap":{"0":{"name":"disableBtnCancelOrder","decl":{"start":{"line":1,"column":16},"end":{"line":1,"column":38}},"loc":{"start":{"line":1,"column":43},"end":{"line":3,"column":null}}},"1":{"name":"isStatusApproved","decl":{"start":{"line":5,"column":9},"end":{"line":5,"column":26}},"loc":{"start":{"line":5,"column":32},"end":{"line":7,"column":null}}},"2":{"name":"hasAnyDeliveryApproved","decl":{"start":{"line":9,"column":9},"end":{"line":9,"column":32}},"loc":{"start":{"line":9,"column":40},"end":{"line":11,"column":null}}},"3":{"name":"(anonymous_4)","decl":{"start":{"line":10,"column":31},"end":{"line":10,"column":40}},"loc":{"start":{"line":10,"column":44},"end":{"line":10,"column":null}}},"4":{"name":"orderSuccessfullyCanceled","decl":{"start":{"line":13,"column":9},"end":{"line":13,"column":35}},"loc":{"start":{"line":13,"column":40},"end":{"line":15,"column":null}}}},"branchMap":{"0":{"loc":{"start":{"line":2,"column":9},"end":{"line":2,"column":null}},"type":"binary-expr","locations":[{"start":{"line":2,"column":9},"end":{"line":2,"column":46}},{"start":{"line":2,"column":46},"end":{"line":2,"column":87}},{"start":{"line":2,"column":87},"end":{"line":2,"column":null}}]},"1":{"loc":{"start":{"line":10,"column":10},"end":{"line":10,"column":23}},"type":"binary-expr","locations":[{"start":{"line":10,"column":10},"end":{"line":10,"column":22}},{"start":{"line":10,"column":22},"end":{"line":10,"column":23}}]}},"s":{"0":7,"1":7,"2":7,"3":3,"4":2,"5":7},"f":{"0":7,"1":7,"2":3,"3":2,"4":7},"b":{"0":[7,5,3],"1":[3,1]}}
,"/mnt/d/projetos/jest-swc-typescript/src/desabilitar-btn-cancelar.ts": {"path":"/mnt/d/projetos/jest-swc-typescript/src/desabilitar-btn-cancelar.ts","statementMap":{"0":{"start":{"line":2,"column":16},"end":{"line":2,"column":38}},"1":{"start":{"line":6,"column":16},"end":{"line":6,"column":36}},"2":{"start":{"line":3,"column":2},"end":{"line":3,"column":null}},"3":{"start":{"line":7,"column":16},"end":{"line":7,"column":50}},"4":{"start":{"line":8,"column":16},"end":{"line":8,"column":null}},"5":{"start":{"line":9,"column":2},"end":{"line":13,"column":null}},"6":{"start":{"line":10,"column":4},"end":{"line":12,"column":null}},"7":{"start":{"line":11,"column":6},"end":{"line":11,"column":null}},"8":{"start":{"line":14,"column":2},"end":{"line":14,"column":null}}},"fnMap":{"0":{"name":"isEnabledCancelaPedido","decl":{"start":{"line":2,"column":16},"end":{"line":2,"column":38}},"loc":{"start":{"line":2,"column":50},"end":{"line":4,"column":null}}},"1":{"name":"verificaOutrosStatus","decl":{"start":{"line":6,"column":16},"end":{"line":6,"column":36}},"loc":{"start":{"line":6,"column":48},"end":{"line":15,"column":null}}},"2":{"name":"(anonymous_5)","decl":{"start":{"line":9,"column":18},"end":{"line":9,"column":28}},"loc":{"start":{"line":9,"column":32},"end":{"line":13,"column":null}}}},"branchMap":{"0":{"loc":{"start":{"line":3,"column":9},"end":{"line":3,"column":null}},"type":"binary-expr","locations":[{"start":{"line":3,"column":9},"end":{"line":3,"column":27}},{"start":{"line":3,"column":27},"end":{"line":3,"column":71}},{"start":{"line":3,"column":71},"end":{"line":3,"column":109}},{"start":{"line":3,"column":109},"end":{"line":3,"column":131}}]},"1":{"loc":{"start":{"line":7,"column":16},"end":{"line":7,"column":50}},"type":"binary-expr","locations":[{"start":{"line":7,"column":16},"end":{"line":7,"column":48}},{"start":{"line":7,"column":48},"end":{"line":7,"column":50}}]},"2":{"loc":{"start":{"line":7,"column":17},"end":{"line":7,"column":36}},"type":"binary-expr","locations":[{"start":{"line":7,"column":17},"end":{"line":7,"column":32}},{"start":{"line":7,"column":32},"end":{"line":7,"column":36}}]},"3":{"loc":{"start":{"line":10,"column":4},"end":{"line":12,"column":null}},"type":"if","locations":[{"start":{"line":10,"column":4},"end":{"line":12,"column":null}}]}},"s":{"0":7,"1":1,"2":7,"3":5,"4":5,"5":5,"6":2,"7":1,"8":5},"f":{"0":7,"1":5,"2":2},"b":{"0":[7,6,4,3],"1":[5,2],"2":[5,1],"3":[1]}}
}
