TN:
SF:src/desabilitar-btn-cancelar-refac.ts
FN:1,disableBtnCancelOrder
FN:5,isStatusApproved
FN:9,hasAnyDeliveryApproved
FN:10,(anonymous_4)
FN:13,orderSuccessfullyCanceled
FNF:5
FNH:5
FNDA:7,disableBtnCancelOrder
FNDA:7,isStatusApproved
FNDA:3,hasAnyDeliveryApproved
FNDA:2,(anonymous_4)
FNDA:7,orderSuccessfullyCanceled
DA:1,7
DA:2,7
DA:6,7
DA:10,3
DA:14,7
LF:5
LH:5
BRDA:2,0,0,7
BRDA:2,0,1,5
BRDA:2,0,2,3
BRDA:10,1,0,3
BRDA:10,1,1,1
BRF:5
BRH:5
end_of_record
TN:
SF:src/desabilitar-btn-cancelar.ts
FN:2,isEnabledCancelaPedido
FN:6,verificaOutrosStatus
FN:9,(anonymous_5)
FNF:3
FNH:3
FNDA:7,isEnabledCancelaPedido
FNDA:5,verificaOutrosStatus
FNDA:2,(anonymous_5)
DA:2,7
DA:3,7
DA:6,1
DA:7,5
DA:8,5
DA:9,5
DA:10,2
DA:11,1
DA:14,5
LF:9
LH:9
BRDA:3,0,0,7
BRDA:3,0,1,6
BRDA:3,0,2,4
BRDA:3,0,3,3
BRDA:7,1,0,5
BRDA:7,1,1,2
BRDA:7,2,0,5
BRDA:7,2,1,1
BRDA:10,3,0,1
BRF:9
BRH:9
end_of_record
